Start testing: Jul 22 23:34 Eastern Daylight Time
----------------------------------------------------------
3/3 Testing: Resize
3/3 Test: Resize
Command: "D:/Github/Real-Time-Task-Scheduler/build/Tests.exe" "Resize"
Directory: D:/Github/Real-Time-Task-Scheduler/build
"Resize" start time: Jul 22 23:34 Eastern Daylight Time
Output:
----------------------------------------------------------
Filters: "Resize"
Randomness seeded to: 1093923239
===============================================================================
All tests passed (1 assertion in 1 test case)

<end of output>
Test time =   0.01 sec
----------------------------------------------------------
Test Passed.
"Resize" end time: Jul 22 23:34 Eastern Daylight Time
"Resize" time elapsed: 00:00:00
----------------------------------------------------------

End testing: Jul 22 23:34 Eastern Daylight Time
