<?xml version="1.0" encoding="UTF-8"?>
<Site BuildName="(empty)"
	BuildStamp="20250723-0316-Experimental"
	Name="(empty)"
	Generator="ctest-4.1.0-rc1"
	CompilerName=""
	CompilerVersion=""
	OSName="Windows"
	Hostname="DESKTOP-VG1816S"
	OSRelease=" Professional"
	OSVersion=" (Build 22631)"
	OSPlatform="AMD64"
	Is64Bits="1"
	VendorString="AuthenticAMD"
	VendorID="Advanced Micro Devices"
	FamilyID="15"
	ModelID="1"
	ModelName="AMD Ryzen 7 7800X3D 8-Core Processor"
	ProcessorCacheSize="64"
	NumberOfLogicalCPU="16"
	NumberOfPhysicalCPU="8"
	TotalVirtualMemory="33979"
	TotalPhysicalMemory="31931"
	LogicalProcessorsPerPhysical="2"
	ProcessorClockFrequency="4201"
	>
	<Testing>
		<StartDateTime>Jul 22 23:16 Eastern Daylight Time</StartDateTime>
		<StartTestTime>1753240610</StartTestTime>
		<TestList/>
		<EndDateTime>Jul 22 23:16 Eastern Daylight Time</EndDateTime>
		<EndTestTime>1753240610</EndTestTime>
		<ElapsedMinutes>0</ElapsedMinutes>
	</Testing>
</Site>
