<?xml version="1.0" encoding="UTF-8"?>
<Site BuildName="Win32-mingw32-make"
	BuildStamp="20250723-0316-Experimental"
	Name="DESKTOP-VG1816S"
	Generator="ctest-4.1.0-rc1"
	CompilerName="C:/msys64/ucrt64/bin/g++.exe"
	CompilerVersion="14.2.0"
	OSName="Windows"
	Hostname="DESKTOP-VG1816S"
	OSRelease=" Professional"
	OSVersion=" (Build 22631)"
	OSPlatform="AMD64"
	Is64Bits="1"
	VendorString="AuthenticAMD"
	VendorID="Advanced Micro Devices"
	FamilyID="15"
	ModelID="1"
	ModelName="AMD Ryzen 7 7800X3D 8-Core Processor"
	ProcessorCacheSize="64"
	NumberOfLogicalCPU="16"
	NumberOfPhysicalCPU="8"
	TotalVirtualMemory="37841"
	TotalPhysicalMemory="31931"
	LogicalProcessorsPerPhysical="2"
	ProcessorClockFrequency="4201"
	>
	<Testing>
		<StartDateTime>Jul 23 00:46 Eastern Daylight Time</StartDateTime>
		<StartTestTime>1753245998</StartTestTime>
		<TestList/>
		<EndDateTime>Jul 23 00:46 Eastern Daylight Time</EndDateTime>
		<EndTestTime>1753245998</EndTestTime>
		<ElapsedMinutes>0</ElapsedMinutes>
	</Testing>
</Site>
